<?xml version="1.0" encoding="UTF-8"?>
<!-- Generated by org.testng.reporters.JUnitXMLReporter -->
<testsuite ignored="1" hostname="DESKTOP-DT8R8RR" failures="0" tests="2" name="Default test" time="6.105" errors="0" timestamp="2024-01-25T09:00:54 IST">
  <testcase classname="testScripts.SwagLabCartValidation" name="testcart" time="0.433"/>
  <testcase classname="testScripts.SwagLabCartValidation" name="testCheckoutOverview" time="0.775"/>
  <testcase classname="testScripts.SwagLabCartValidation" name="testSucessMeg" time="0.0">
    <ignored/>
  </testcase> <!-- testSucessMeg -->
</testsuite> <!-- Default test -->
