<?xml version="1.0" encoding="UTF-8"?>
<testsuite xmlns:xsi="http://www.w3.org/2001/XMLSchema-instance" xsi:noNamespaceSchemaLocation="https://maven.apache.org/surefire/maven-surefire-plugin/xsd/surefire-test-report-3.0.xsd" version="3.0" name="TestSuite" time="15.219" tests="2" errors="0" skipped="0" failures="0">
  <properties>
[...]
</properties>
  <testcase name="testWithInvalidData" classname="testScripts.TestOrangeHRMLoginLogout" time="2.119">
    <system-out><![CDATA[I am in onStart method Test
I am in onTestStart method testWithInvalidData start
I am in onTestSuccess method testWithInvalidData succeed
]]></system-out>
    <system-err><![CDATA[SLF4J: Failed to load class "org.slf4j.impl.StaticLoggerBinder".
SLF4J: Defaulting to no-operation (NOP) logger implementation
SLF4J: See http://www.slf4j.org/codes.html#StaticLoggerBinder for further details.
Jan 27, 2024 11:52:34 PM org.openqa.selenium.manager.SeleniumManager lambda$runCommand$1
INFO: Driver path: C:\Windows\SysWOW64\config\systemprofile\.cache\selenium\chromedriver\win64\120.0.6099.109\chromedriver.exe
Jan 27, 2024 11:52:34 PM org.openqa.selenium.manager.SeleniumManager lambda$runCommand$1
INFO: Browser path: C:\Program Files\Google\Chrome\Application\chrome.exe
log4j:WARN No appenders could be found for logger (io.netty.util.internal.logging.InternalLoggerFactory).
log4j:WARN Please initialize the log4j system properly.
Jan 27, 2024 11:52:35 PM org.openqa.selenium.devtools.CdpVersionFinder findNearestMatch
WARNING: Unable to find an exact match for CDP version 120, so returning the closest version found: 116
]]></system-err>
  </testcase>
  <testcase name="testWithValiddata" classname="testScripts.TestOrangeHRMLoginLogout" time="1.685">
    <system-out><![CDATA[I am in onTestStart method testWithValiddata start
I am in onTestSuccess method testWithValiddata succeed
]]></system-out>
  </testcase>
</testsuite>