<?xml version="1.0" encoding="UTF-8"?>
<testng-results ignored="0" total="2" passed="2" failed="0" skipped="0">
  <reporter-output>
  </reporter-output>
  <suite started-at="2024-01-27T23:52:31 IST" name="Suite" finished-at="2024-01-27T23:52:45 IST" duration-ms="14656">
    <groups>
    </groups>
    <test started-at="2024-01-27T23:52:31 IST" name="Test" finished-at="2024-01-27T23:52:45 IST" duration-ms="14656">
      <class name="testScripts.TestOrangeHRMLoginLogout">
        <test-method is-config="true" signature="precondition()[pri:0, instance:testScripts.TestOrangeHRMLoginLogout@77f80c04]" started-at="2024-01-27T23:52:31 IST" name="precondition" finished-at="2024-01-27T23:52:40 IST" duration-ms="9228" status="PASS">
          <reporter-output>
          </reporter-output>
        </test-method> <!-- precondition -->
        <test-method signature="testWithInvalidData()[pri:0, instance:testScripts.TestOrangeHRMLoginLogout@77f80c04]" started-at="2024-01-27T23:52:40 IST" name="testWithInvalidData" finished-at="2024-01-27T23:52:42 IST" duration-ms="2119" status="PASS">
          <reporter-output>
          </reporter-output>
        </test-method> <!-- testWithInvalidData -->
        <test-method signature="testWithValiddata()[pri:0, instance:testScripts.TestOrangeHRMLoginLogout@77f80c04]" started-at="2024-01-27T23:52:42 IST" name="testWithValiddata" finished-at="2024-01-27T23:52:44 IST" duration-ms="1688" status="PASS">
          <reporter-output>
          </reporter-output>
        </test-method> <!-- testWithValiddata -->
        <test-method is-config="true" signature="postCondition()[pri:0, instance:testScripts.TestOrangeHRMLoginLogout@77f80c04]" started-at="2024-01-27T23:52:44 IST" name="postCondition" finished-at="2024-01-27T23:52:45 IST" duration-ms="1601" status="PASS">
          <reporter-output>
          </reporter-output>
        </test-method> <!-- postCondition -->
      </class> <!-- testScripts.TestOrangeHRMLoginLogout -->
    </test> <!-- Test -->
  </suite> <!-- Suite -->
</testng-results>
