<?xml version="1.0" encoding="UTF-8"?>
<testng-results ignored="0" total="2" passed="2" failed="0" skipped="0">
  <reporter-output>
  </reporter-output>
  <suite started-at="2024-01-27T23:08:15 IST" name="Suite" finished-at="2024-01-27T23:08:42 IST" duration-ms="26588">
    <groups>
    </groups>
    <test started-at="2024-01-27T23:08:15 IST" name="Test" finished-at="2024-01-27T23:08:42 IST" duration-ms="26588">
      <class name="testScripts.TestOrangeHRMLoginLogout">
        <test-method is-config="true" signature="precondition()[pri:0, instance:testScripts.TestOrangeHRMLoginLogout@2c78324b]" started-at="2024-01-27T23:08:15 IST" name="precondition" finished-at="2024-01-27T23:08:21 IST" duration-ms="5378" status="PASS">
          <reporter-output>
          </reporter-output>
        </test-method> <!-- precondition -->
        <test-method signature="testWithInvalidData()[pri:0, instance:testScripts.TestOrangeHRMLoginLogout@2c78324b]" started-at="2024-01-27T23:08:21 IST" name="testWithInvalidData" finished-at="2024-01-27T23:08:34 IST" duration-ms="12779" status="PASS">
          <reporter-output>
          </reporter-output>
        </test-method> <!-- testWithInvalidData -->
        <test-method signature="testWithValiddata()[pri:0, instance:testScripts.TestOrangeHRMLoginLogout@2c78324b]" started-at="2024-01-27T23:08:34 IST" name="testWithValiddata" finished-at="2024-01-27T23:08:40 IST" duration-ms="6472" status="PASS">
          <reporter-output>
          </reporter-output>
        </test-method> <!-- testWithValiddata -->
        <test-method is-config="true" signature="postCondition()[pri:0, instance:testScripts.TestOrangeHRMLoginLogout@2c78324b]" started-at="2024-01-27T23:08:40 IST" name="postCondition" finished-at="2024-01-27T23:08:42 IST" duration-ms="1933" status="PASS">
          <reporter-output>
          </reporter-output>
        </test-method> <!-- postCondition -->
      </class> <!-- testScripts.TestOrangeHRMLoginLogout -->
    </test> <!-- Test -->
  </suite> <!-- Suite -->
</testng-results>
